-------------------------------------------------------------------------------
Test set: stepdefinitions.ParallelRun2
-------------------------------------------------------------------------------
Tests run: 1, Failures: 1, Errors: 0, Skipped: 0, Time elapsed: 75.202 s <<< FAILURE! - in stepdefinitions.ParallelRun2
null on stepdefinitions.ParallelRun2(stepdefinitions.ParallelRun2)  Time elapsed: 75.083 s  <<< FAILURE!
java.lang.NoSuchMethodError: 'void org.apache.pdfbox.pdmodel.interactive.annotation.PDAnnotation.constructAppearances()'

