<?xml version="1.0" encoding="UTF-8"?>
<testsuite xmlns:xsi="http://www.w3.org/2001/XMLSchema-instance" xsi:noNamespaceSchemaLocation="https://maven.apache.org/surefire/maven-surefire-plugin/xsd/surefire-test-report.xsd" name="stepdefinitions.ParallelRun2" time="75.202" tests="1" errors="0" skipped="0" failures="1">
  <properties>
[...]
</properties>
  <testcase name="null on stepdefinitions.ParallelRun2" classname="stepdefinitions.ParallelRun2" time="75.083">
    <failure message="&apos;void org.apache.pdfbox.pdmodel.interactive.annotation.PDAnnotation.constructAppearances()&apos;" type="java.lang.NoSuchMethodError">java.lang.NoSuchMethodError: 'void org.apache.pdfbox.pdmodel.interactive.annotation.PDAnnotation.constructAppearances()'
</failure>
    <system-out><![CDATA[
@ContactPage @TCContactPage01
Scenario Outline: User is able to create a new contact from the Contacts Page                   # src/test/resources/Features/ContactPage.feature:17
Hooks with order = 0
  Given user is on the login page                                                               # stepdefinitions.LoginPageSteps.user_is_on_login_page()
number of frames are2
  When user logs in with valid id sonaic032003 and sonai87 Password                             # stepdefinitions.LoginPageSteps.user_logs_in_with_valid_id_and_password(java.lang.String,java.lang.String)
  And User clicks Contacts in the Home Page                                                     # stepdefinitions.LoginPageSteps.user_clicks_contacts_in_the_home_page()
  Then User clicks on the New Contacts button                                                   # stepdefinitions.ContactsPageSteps.user_clicks_on_the_new_contacts_button()
  Then User adds on First Robert and Barry Name and set the input in the status Active dropdown # stepdefinitions.ContactsPageSteps.user_adds_on_first__and__name(java.lang.String,java.lang.String,java.lang.String)
  Then User saves the data                                                                      # stepdefinitions.ContactsPageSteps.user_saves_the_data()
  Then User validates the First Robert and Last Barry Name in the Contact List                  # stepdefinitions.ContactsPageSteps.user_validates_the_first_and_last_name_in_the_contact_list(java.lang.String,java.lang.String)
Size of the table is 7
text value is Name
row number for the given column is 4
column number for the given column is 1
  Then User deletes the contact with the given first Robert and last  Barry Name                # stepdefinitions.ContactsPageSteps.user_deletes_the_contact_with_the_given_first_and_last_name(java.lang.String,java.lang.String)
  Then User logs out of the Application                                                         # stepdefinitions.LoginPageSteps.user_logs_out_of_the_login_page()

@LoginPage @TCLogin1
Scenario: Login page title                                                                                    # src/test/resources/Features/LoginPage.feature:4
Hooks with order = 0
  Given user is on the login page                                                                             # stepdefinitions.LoginPageSteps.user_is_on_login_page()
Page title is: CRMPRO - CRM software for customer relationship management, sales, and support.
  When user gets the title of the page                                                                        # stepdefinitions.LoginPageSteps.user_gets_the_title_of_the_page()
Page title is: CRMPRO - CRM software for customer relationship management, sales, and support.
  Then page title should be "CRMPRO - CRM software for customer relationship management, sales, and support." # stepdefinitions.LoginPageSteps.page_title_should_be(java.lang.String)

@LoginPage @TCLogin2
Scenario Outline: User is able to login to the Free-CRM page        # src/test/resources/Features/LoginPage.feature:18
Hooks with order = 0
  Given user is on the login page                                   # stepdefinitions.LoginPageSteps.user_is_on_login_page()
number of frames are2
  When user logs in with valid id sonaic032003 and sonai87 Password # stepdefinitions.LoginPageSteps.user_logs_in_with_valid_id_and_password(java.lang.String,java.lang.String)
Page title is: CRMPRO
  Then page title should be "CRMPRO"                                # stepdefinitions.LoginPageSteps.page_title_should_be(java.lang.String)
  Then User logs out of the Application                             # stepdefinitions.LoginPageSteps.user_logs_out_of_the_login_page()

@LoginPage @TCLogin3
Scenario: Contact button is getting displayed                # src/test/resources/Features/LoginPage.feature:21
Hooks with order = 0
  Given user is on the login page                            # stepdefinitions.LoginPageSteps.user_is_on_login_page()
  Then Validate that the Contact button is getting displayed # stepdefinitions.LoginPageSteps.validate_that_the_contact_button_is_getting_displayed()

@LoginPage @TCLogin4
Scenario: Sign up button is getting displayed                # src/test/resources/Features/LoginPage.feature:27
Hooks with order = 0
  Given user is on the login page                            # stepdefinitions.LoginPageSteps.user_is_on_login_page()
  Then Validate that the Sign Up button is getting displayed # stepdefinitions.LoginPageSteps.Validate_that_the_Sign_Up_button_is_getting_displayed()

@LoginPage @TCLogin5
Scenario Outline: User is able to click on the Contacts button in the home page # src/test/resources/Features/LoginPage.feature:40
Hooks with order = 0
  Given user is on the login page                                               # stepdefinitions.LoginPageSteps.user_is_on_login_page()
number of frames are2
  When user logs in with valid id sonaic032003 and sonai87 Password             # stepdefinitions.LoginPageSteps.user_logs_in_with_valid_id_and_password(java.lang.String,java.lang.String)
  And User clicks Contacts in the Home Page                                     # stepdefinitions.LoginPageSteps.user_clicks_contacts_in_the_home_page()
  Then User logs out of the Application                                         # stepdefinitions.LoginPageSteps.user_logs_out_of_the_login_page()
]]></system-out>
    <system-err><![CDATA[SLF4J: Failed to load class "org.slf4j.impl.StaticLoggerBinder".
SLF4J: Defaulting to no-operation (NOP) logger implementation
SLF4J: See http://www.slf4j.org/codes.html#StaticLoggerBinder for further details.
Starting ChromeDriver 94.0.4606.61 (418b78f5838ed0b1c69bb4e51ea0252171854915-refs/branch-heads/4606@{#1204}) on port 45953
Only local connections are allowed.
Please see https://chromedriver.chromium.org/security-considerations for suggestions on keeping ChromeDriver safe.
ChromeDriver was started successfully.
Oct 10, 2021 12:15:57 AM org.openqa.selenium.remote.ProtocolHandshake createSession
INFO: Detected dialect: W3C
Starting ChromeDriver 94.0.4606.61 (418b78f5838ed0b1c69bb4e51ea0252171854915-refs/branch-heads/4606@{#1204}) on port 47502
Only local connections are allowed.
Please see https://chromedriver.chromium.org/security-considerations for suggestions on keeping ChromeDriver safe.
ChromeDriver was started successfully.
Oct 10, 2021 12:16:23 AM org.openqa.selenium.remote.ProtocolHandshake createSession
INFO: Detected dialect: W3C
Starting ChromeDriver 94.0.4606.61 (418b78f5838ed0b1c69bb4e51ea0252171854915-refs/branch-heads/4606@{#1204}) on port 43190
Only local connections are allowed.
Please see https://chromedriver.chromium.org/security-considerations for suggestions on keeping ChromeDriver safe.
ChromeDriver was started successfully.
Oct 10, 2021 12:16:28 AM org.openqa.selenium.remote.ProtocolHandshake createSession
INFO: Detected dialect: W3C
Starting ChromeDriver 94.0.4606.61 (418b78f5838ed0b1c69bb4e51ea0252171854915-refs/branch-heads/4606@{#1204}) on port 38915
Only local connections are allowed.
Please see https://chromedriver.chromium.org/security-considerations for suggestions on keeping ChromeDriver safe.
ChromeDriver was started successfully.
Oct 10, 2021 12:16:42 AM org.openqa.selenium.remote.ProtocolHandshake createSession
INFO: Detected dialect: W3C
Starting ChromeDriver 94.0.4606.61 (418b78f5838ed0b1c69bb4e51ea0252171854915-refs/branch-heads/4606@{#1204}) on port 35095
Only local connections are allowed.
Please see https://chromedriver.chromium.org/security-considerations for suggestions on keeping ChromeDriver safe.
ChromeDriver was started successfully.
Oct 10, 2021 12:16:46 AM org.openqa.selenium.remote.ProtocolHandshake createSession
INFO: Detected dialect: W3C
Starting ChromeDriver 94.0.4606.61 (418b78f5838ed0b1c69bb4e51ea0252171854915-refs/branch-heads/4606@{#1204}) on port 35133
Only local connections are allowed.
Please see https://chromedriver.chromium.org/security-considerations for suggestions on keeping ChromeDriver safe.
ChromeDriver was started successfully.
Oct 10, 2021 12:16:51 AM org.openqa.selenium.remote.ProtocolHandshake createSession
INFO: Detected dialect: W3C
Oct 10, 2021 12:17:05 AM tech.grasshopper.pdf.PDFCucumberReport collectReportConfiguration
INFO: PDF report configuration not found. Using default settings.
]]></system-err>
  </testcase>
</testsuite>